AlarmBug/app/build/outputs/logs/manifest-merger-debug-report.txt
-- Merging decision tree log ---
manifest
ADDED from src\main\AndroidManifest.xml:2:5-32:20
INJECTED from src\main\AndroidManifest.xml:2:5-32:20
INJECTED from src\main\AndroidManifest.xml:2:5-32:20
INJECTED from src\main\AndroidManifest.xml:2:5-32:20
INJECTED from src\main\AndroidManifest.xml:2:5-32:20
INJECTED from src\main\AndroidManifest.xml:2:5-32:20
INJECTED from src\main\AndroidManifest.xml:2:5-32:20
	package
		ADDED from src\main\AndroidManifest.xml:2:74-104
		INJECTED from src\main\AndroidManifest.xml
		INJECTED from src\main\AndroidManifest.xml
	android:versionName
		INJECTED from src\main\AndroidManifest.xml
		ADDED from src\main\AndroidManifest.xml:2:5-32:20
		INJECTED from src\main\AndroidManifest.xml
	android:versionCode
		INJECTED from src\main\AndroidManifest.xml
		ADDED from src\main\AndroidManifest.xml:2:5-32:20
		INJECTED from src\main\AndroidManifest.xml
	xmlns:android
		ADDED from src\main\AndroidManifest.xml:2:15-73
uses-permission#android.permission.ACCESS_NETWORK_STATE
ADDED from src\main\AndroidManifest.xml:4:9-83
	android:name
		ADDED from src\main\AndroidManifest.xml:4:26-80
uses-permission#android.permission.MODIFY_AUDIO_SETTINGS
ADDED from src\main\AndroidManifest.xml:6:9-83
	android:name
		ADDED from src\main\AndroidManifest.xml:6:26-81
uses-permission#android.permission.WAKE_LOCK
ADDED from src\main\AndroidManifest.xml:7:9-72
	android:name
		ADDED from src\main\AndroidManifest.xml:7:26-69
uses-permission#android.permission.INTERNET
ADDED from src\main\AndroidManifest.xml:8:9-71
	android:name
		ADDED from src\main\AndroidManifest.xml:8:26-68
application
ADDED from src\main\AndroidManifest.xml:9:1-30:15
	android:label
		ADDED from src\main\AndroidManifest.xml:11:5-38
	android:icon
		ADDED from src\main\AndroidManifest.xml:10:5-41
activity#com.irdroid.alarmbug.MainActivity
ADDED from src\main\AndroidManifest.xml:12:5-19:16
	android:name
		ADDED from src\main\AndroidManifest.xml:12:15-42
intent-filter#android.intent.action.MAIN+android.intent.category.LAUNCHER
ADDED from src\main\AndroidManifest.xml:13:9-17:25
action#android.intent.action.MAIN
ADDED from src\main\AndroidManifest.xml:14:13-64
	android:name
		ADDED from src\main\AndroidManifest.xml:14:21-62
category#android.intent.category.LAUNCHER
ADDED from src\main\AndroidManifest.xml:15:13-72
	android:name
		ADDED from src\main\AndroidManifest.xml:15:23-70
activity#com.irdroid.alarmbug.MyPreferencesActivity
ADDED from src\main\AndroidManifest.xml:20:5-23:16
	android:name
		ADDED from src\main\AndroidManifest.xml:20:15-51
receiver#com.irdroid.alarmbug.HeadsetActionButtonReceiver
ADDED from src\main\AndroidManifest.xml:25:5-29:22
	android:name
		ADDED from src\main\AndroidManifest.xml:25:15-78
intent-filter#android.intent.action.MEDIA_BUTTON
ADDED from src\main\AndroidManifest.xml:26:14-28:29
	android:priority
		ADDED from src\main\AndroidManifest.xml:26:29-58
action#android.intent.action.MEDIA_BUTTON
ADDED from src\main\AndroidManifest.xml:27:15-75
	android:name
		ADDED from src\main\AndroidManifest.xml:27:23-72